<?xml version="1.0" encoding="UTF-8"?>
<testsuite xmlns:xsi="http://www.w3.org/2001/XMLSchema-instance" xsi:noNamespaceSchemaLocation="https://maven.apache.org/surefire/maven-surefire-plugin/xsd/surefire-test-report.xsd" name="exampleclass.NewTest" time="0.357" tests="3" errors="0" skipped="2" failures="1">
  <properties>
[...]
</properties>
  <testcase name="beforeTest" classname="exampleclass.NewTest" time="0.223">
    <failure message="org/openqa/selenium/remote/DesiredCapabilities" type="java.lang.NoClassDefFoundError">java.lang.NoClassDefFoundError: org/openqa/selenium/remote/DesiredCapabilities
	at exampleclass.NewTest.beforeTest(NewTest.java:14)
Caused by: java.lang.ClassNotFoundException: org.openqa.selenium.remote.DesiredCapabilities
	at exampleclass.NewTest.beforeTest(NewTest.java:14)
</failure>
  </testcase>
  <testcase name="testEasy" classname="exampleclass.NewTest" time="0">
    <skipped/>
  </testcase>
  <testcase name="afterTest" classname="exampleclass.NewTest" time="0">
    <skipped/>
  </testcase>
</testsuite>