<?xml version="1.0" encoding="UTF-8"?>
<!-- Generated by org.testng.reporters.JUnitXMLReporter -->
<testsuite hostname="DSANDADI-LT" failures="0" tests="1" name="Test" time="49.615" errors="0" timestamp="25 Mar 2019 17:07:19 GMT">
  <testcase classname="exampleclass.NewTest" name="@BeforeTest beforeTest" time="0.0">
    <failure type="org.openqa.selenium.WebDriverException" message="Failed to connect to binary FirefoxBinary(C:\Program Files (x86)\Mozilla Firefox\firefox.exe) on port 7055; process output follows: 
features\screenshots@mozilla.org.xpi
1553533594879	addons.xpi	DEBUG	Loading bootstrap scope from C:\Program Files (x86)\Mozilla Firefox\browser\features\screenshots@mozilla.org.xpi
1553533594880	addons.xpi	DEBUG	Calling bootstrap method startup on screenshots@mozilla.org version 32.1.0
1553533594881	addons.xpi	DEBUG	Registering manifest for C:\Program Files (x86)\Mozilla Firefox\browser\features\webcompat-reporter@mozilla.org.xpi
1553533594881	addons.xpi	DEBUG	Loading bootstrap scope from C:\Program Files (x86)\Mozilla Firefox\browser\features\webcompat-reporter@mozilla.org.xpi
1553533594882	addons.xpi	DEBUG	Calling bootstrap method startup on webcompat-reporter@mozilla.org version 1.0.0
1553533594883	addons.xpi	DEBUG	Registering manifest for C:\Program Files (x86)\Mozilla Firefox\browser\features\webcompat@mozilla.org.xpi
1553533594883	addons.xpi	DEBUG	Loading bootstrap scope from C:\Program Files (x86)\Mozilla Firefox\browser\features\webcompat@mozilla.org.xpi
1553533594888	addons.xpi	DEBUG	Calling bootstrap method startup on webcompat@mozilla.org version 2.0
1553533594890	addons.manager	DEBUG	Registering shutdown blocker for XPIProvider
1553533594890	addons.manager	DEBUG	Provider finished startup: XPIProvider
1553533594890	addons.manager	DEBUG	Starting provider: LightweightThemeManager
1553533594890	addons.manager	DEBUG	Registering shutdown blocker for LightweightThemeManager
1553533594890	addons.manager	DEBUG	Provider finished startup: LightweightThemeManager
1553533594890	addons.manager	DEBUG	Starting provider: GMPProvider
1553533594892	addons.manager	DEBUG	Registering shutdown blocker for GMPProvider
1553533594892	addons.manager	DEBUG	Provider finished startup: GMPProvider
1553533594892	addons.manager	DEBUG	Starting provider: PluginProvider
1553533594892	addons.manager	DEBUG	Registering shutdown blocker for PluginProvider
1553533594892	addons.manager	DEBUG	Provider finished startup: PluginProvider
1553533594894	addons.manager	DEBUG	Completed startup sequence
Unable to read VR Path Registry from C:\Users\dsandadi\AppData\Local\openvr\openvrpaths.vrpath
Unable to read VR Path Registry from C:\Users\dsandadi\AppData\Local\openvr\openvrpaths.vrpath
Unable to read VR Path Registry from C:\Users\dsandadi\AppData\Local\openvr\openvrpaths.vrpath
1553533595796	addons.xpi-utils	DEBUG	Starting async load of XPI database C:\Users\dsandadi\AppData\Local\Temp\anonymous7451240891578583386webdriver-profile\extensions.json
1553533595815	addons.xpi	DEBUG	Ignoring file entry whose name is not a valid add-on ID: C:\Users\dsandadi\AppData\Local\Temp\anonymous7451240891578583386webdriver-profile\extensions\webdriver-staging
1553533595816	addons.xpi	DEBUG	Existing add-on activity-stream@mozilla.org in app-system-defaults
1553533595816	addons.xpi	DEBUG	Existing add-on aushelper@mozilla.org in app-system-defaults
1553533595817	addons.xpi	DEBUG	Existing add-on firefox@getpocket.com in app-system-defaults
1553533595817	addons.xpi	DEBUG	Existing add-on followonsearch@mozilla.com in app-system-defaults
1553533595817	addons.xpi	DEBUG	Existing add-on formautofill@mozilla.org in app-system-defaults
1553533595817	addons.xpi	DEBUG	Existing add-on onboarding@mozilla.org in app-system-defaults
1553533595818	addons.xpi	DEBUG	Existing add-on screenshots@mozilla.org in app-system-defaults
1553533595818	addons.xpi	DEBUG	Existing add-on webcompat-reporter@mozilla.org in app-system-defaults
1553533595818	addons.xpi	DEBUG	Existing add-on webcompat@mozilla.org in app-system-defaults
1553533595819	addons.xpi	DEBUG	getInstallState changed: false, state: {}
1553533595853	addons.xpi-utils	DEBUG	Async JSON file read took 0 MS
1553533595854	addons.xpi-utils	DEBUG	Finished async read of XPI database, parsing...
1553533595855	addons.xpi-utils	DEBUG	Successfully read XPI database
Unable to read VR Path Registry from C:\Users\dsandadi\AppData\Local\openvr\openvrpaths.vrpath
*** Blocklist::_preloadBlocklistFile: blocklist is disabled
Unable to read VR Path Registry from C:\Users\dsandadi\AppData\Local\openvr\openvrpaths.vrpath

Build info: version: &amp;apos;2.45.0&amp;apos;, revision: &amp;apos;5017cb8e7ca8e37638dc3091b2440b90a1d8686f&amp;apos;, time: &amp;apos;2015-02-27 09:10:26&amp;apos;
System info: host: &amp;apos;DSANDADI-LT&amp;apos;, ip: &amp;apos;10.51.32.123&amp;apos;, os.name: &amp;apos;Windows 10&amp;apos;, os.arch: &amp;apos;amd64&amp;apos;, os.version: &amp;apos;10.0&amp;apos;, java.version: &amp;apos;11.0.2&amp;apos;
Driver info: driver.version: FirefoxDriver">
      <![CDATA[org.openqa.selenium.WebDriverException: Failed to connect to binary FirefoxBinary(C:\Program Files (x86)\Mozilla Firefox\firefox.exe) on port 7055; process output follows: 
features\screenshots@mozilla.org.xpi
1553533594879	addons.xpi	DEBUG	Loading bootstrap scope from C:\Program Files (x86)\Mozilla Firefox\browser\features\screenshots@mozilla.org.xpi
1553533594880	addons.xpi	DEBUG	Calling bootstrap method startup on screenshots@mozilla.org version 32.1.0
1553533594881	addons.xpi	DEBUG	Registering manifest for C:\Program Files (x86)\Mozilla Firefox\browser\features\webcompat-reporter@mozilla.org.xpi
1553533594881	addons.xpi	DEBUG	Loading bootstrap scope from C:\Program Files (x86)\Mozilla Firefox\browser\features\webcompat-reporter@mozilla.org.xpi
1553533594882	addons.xpi	DEBUG	Calling bootstrap method startup on webcompat-reporter@mozilla.org version 1.0.0
1553533594883	addons.xpi	DEBUG	Registering manifest for C:\Program Files (x86)\Mozilla Firefox\browser\features\webcompat@mozilla.org.xpi
1553533594883	addons.xpi	DEBUG	Loading bootstrap scope from C:\Program Files (x86)\Mozilla Firefox\browser\features\webcompat@mozilla.org.xpi
1553533594888	addons.xpi	DEBUG	Calling bootstrap method startup on webcompat@mozilla.org version 2.0
1553533594890	addons.manager	DEBUG	Registering shutdown blocker for XPIProvider
1553533594890	addons.manager	DEBUG	Provider finished startup: XPIProvider
1553533594890	addons.manager	DEBUG	Starting provider: LightweightThemeManager
1553533594890	addons.manager	DEBUG	Registering shutdown blocker for LightweightThemeManager
1553533594890	addons.manager	DEBUG	Provider finished startup: LightweightThemeManager
1553533594890	addons.manager	DEBUG	Starting provider: GMPProvider
1553533594892	addons.manager	DEBUG	Registering shutdown blocker for GMPProvider
1553533594892	addons.manager	DEBUG	Provider finished startup: GMPProvider
1553533594892	addons.manager	DEBUG	Starting provider: PluginProvider
1553533594892	addons.manager	DEBUG	Registering shutdown blocker for PluginProvider
1553533594892	addons.manager	DEBUG	Provider finished startup: PluginProvider
1553533594894	addons.manager	DEBUG	Completed startup sequence
Unable to read VR Path Registry from C:\Users\dsandadi\AppData\Local\openvr\openvrpaths.vrpath
Unable to read VR Path Registry from C:\Users\dsandadi\AppData\Local\openvr\openvrpaths.vrpath
Unable to read VR Path Registry from C:\Users\dsandadi\AppData\Local\openvr\openvrpaths.vrpath
1553533595796	addons.xpi-utils	DEBUG	Starting async load of XPI database C:\Users\dsandadi\AppData\Local\Temp\anonymous7451240891578583386webdriver-profile\extensions.json
1553533595815	addons.xpi	DEBUG	Ignoring file entry whose name is not a valid add-on ID: C:\Users\dsandadi\AppData\Local\Temp\anonymous7451240891578583386webdriver-profile\extensions\webdriver-staging
1553533595816	addons.xpi	DEBUG	Existing add-on activity-stream@mozilla.org in app-system-defaults
1553533595816	addons.xpi	DEBUG	Existing add-on aushelper@mozilla.org in app-system-defaults
1553533595817	addons.xpi	DEBUG	Existing add-on firefox@getpocket.com in app-system-defaults
1553533595817	addons.xpi	DEBUG	Existing add-on followonsearch@mozilla.com in app-system-defaults
1553533595817	addons.xpi	DEBUG	Existing add-on formautofill@mozilla.org in app-system-defaults
1553533595817	addons.xpi	DEBUG	Existing add-on onboarding@mozilla.org in app-system-defaults
1553533595818	addons.xpi	DEBUG	Existing add-on screenshots@mozilla.org in app-system-defaults
1553533595818	addons.xpi	DEBUG	Existing add-on webcompat-reporter@mozilla.org in app-system-defaults
1553533595818	addons.xpi	DEBUG	Existing add-on webcompat@mozilla.org in app-system-defaults
1553533595819	addons.xpi	DEBUG	getInstallState changed: false, state: {}
1553533595853	addons.xpi-utils	DEBUG	Async JSON file read took 0 MS
1553533595854	addons.xpi-utils	DEBUG	Finished async read of XPI database, parsing...
1553533595855	addons.xpi-utils	DEBUG	Successfully read XPI database
Unable to read VR Path Registry from C:\Users\dsandadi\AppData\Local\openvr\openvrpaths.vrpath
*** Blocklist::_preloadBlocklistFile: blocklist is disabled
Unable to read VR Path Registry from C:\Users\dsandadi\AppData\Local\openvr\openvrpaths.vrpath

Build info: version: '2.45.0', revision: '5017cb8e7ca8e37638dc3091b2440b90a1d8686f', time: '2015-02-27 09:10:26'
System info: host: 'DSANDADI-LT', ip: '10.51.32.123', os.name: 'Windows 10', os.arch: 'amd64', os.version: '10.0', java.version: '11.0.2'
Driver info: driver.version: FirefoxDriver
	at org.openqa.selenium.firefox.internal.NewProfileExtensionConnection.start(NewProfileExtensionConnection.java:130)
	at org.openqa.selenium.firefox.FirefoxDriver.startClient(FirefoxDriver.java:246)
	at org.openqa.selenium.remote.RemoteWebDriver.<init>(RemoteWebDriver.java:114)
	at org.openqa.selenium.firefox.FirefoxDriver.<init>(FirefoxDriver.java:191)
	at org.openqa.selenium.firefox.FirefoxDriver.<init>(FirefoxDriver.java:186)
	at org.openqa.selenium.firefox.FirefoxDriver.<init>(FirefoxDriver.java:182)
	at org.openqa.selenium.firefox.FirefoxDriver.<init>(FirefoxDriver.java:95)
	at exampleclass.NewTest.beforeTest(NewTest.java:19)
Caused by: org.openqa.selenium.firefox.NotConnectedException: Unable to connect to host 127.0.0.1 on port 7055 after 45000 ms. Firefox console output:
features\screenshots@mozilla.org.xpi
1553533594879	addons.xpi	DEBUG	Loading bootstrap scope from C:\Program Files (x86)\Mozilla Firefox\browser\features\screenshots@mozilla.org.xpi
1553533594880	addons.xpi	DEBUG	Calling bootstrap method startup on screenshots@mozilla.org version 32.1.0
1553533594881	addons.xpi	DEBUG	Registering manifest for C:\Program Files (x86)\Mozilla Firefox\browser\features\webcompat-reporter@mozilla.org.xpi
1553533594881	addons.xpi	DEBUG	Loading bootstrap scope from C:\Program Files (x86)\Mozilla Firefox\browser\features\webcompat-reporter@mozilla.org.xpi
1553533594882	addons.xpi	DEBUG	Calling bootstrap method startup on webcompat-reporter@mozilla.org version 1.0.0
1553533594883	addons.xpi	DEBUG	Registering manifest for C:\Program Files (x86)\Mozilla Firefox\browser\features\webcompat@mozilla.org.xpi
1553533594883	addons.xpi	DEBUG	Loading bootstrap scope from C:\Program Files (x86)\Mozilla Firefox\browser\features\webcompat@mozilla.org.xpi
1553533594888	addons.xpi	DEBUG	Calling bootstrap method startup on webcompat@mozilla.org version 2.0
1553533594890	addons.manager	DEBUG	Registering shutdown blocker for XPIProvider
1553533594890	addons.manager	DEBUG	Provider finished startup: XPIProvider
1553533594890	addons.manager	DEBUG	Starting provider: LightweightThemeManager
1553533594890	addons.manager	DEBUG	Registering shutdown blocker for LightweightThemeManager
1553533594890	addons.manager	DEBUG	Provider finished startup: LightweightThemeManager
1553533594890	addons.manager	DEBUG	Starting provider: GMPProvider
1553533594892	addons.manager	DEBUG	Registering shutdown blocker for GMPProvider
1553533594892	addons.manager	DEBUG	Provider finished startup: GMPProvider
1553533594892	addons.manager	DEBUG	Starting provider: PluginProvider
1553533594892	addons.manager	DEBUG	Registering shutdown blocker for PluginProvider
1553533594892	addons.manager	DEBUG	Provider finished startup: PluginProvider
1553533594894	addons.manager	DEBUG	Completed startup sequence
Unable to read VR Path Registry from C:\Users\dsandadi\AppData\Local\openvr\openvrpaths.vrpath
Unable to read VR Path Registry from C:\Users\dsandadi\AppData\Local\openvr\openvrpaths.vrpath
Unable to read VR Path Registry from C:\Users\dsandadi\AppData\Local\openvr\openvrpaths.vrpath
1553533595796	addons.xpi-utils	DEBUG	Starting async load of XPI database C:\Users\dsandadi\AppData\Local\Temp\anonymous7451240891578583386webdriver-profile\extensions.json
1553533595815	addons.xpi	DEBUG	Ignoring file entry whose name is not a valid add-on ID: C:\Users\dsandadi\AppData\Local\Temp\anonymous7451240891578583386webdriver-profile\extensions\webdriver-staging
1553533595816	addons.xpi	DEBUG	Existing add-on activity-stream@mozilla.org in app-system-defaults
1553533595816	addons.xpi	DEBUG	Existing add-on aushelper@mozilla.org in app-system-defaults
1553533595817	addons.xpi	DEBUG	Existing add-on firefox@getpocket.com in app-system-defaults
1553533595817	addons.xpi	DEBUG	Existing add-on followonsearch@mozilla.com in app-system-defaults
1553533595817	addons.xpi	DEBUG	Existing add-on formautofill@mozilla.org in app-system-defaults
1553533595817	addons.xpi	DEBUG	Existing add-on onboarding@mozilla.org in app-system-defaults
1553533595818	addons.xpi	DEBUG	Existing add-on screenshots@mozilla.org in app-system-defaults
1553533595818	addons.xpi	DEBUG	Existing add-on webcompat-reporter@mozilla.org in app-system-defaults
1553533595818	addons.xpi	DEBUG	Existing add-on webcompat@mozilla.org in app-system-defaults
1553533595819	addons.xpi	DEBUG	getInstallState changed: false, state: {}
1553533595853	addons.xpi-utils	DEBUG	Async JSON file read took 0 MS
1553533595854	addons.xpi-utils	DEBUG	Finished async read of XPI database, parsing...
1553533595855	addons.xpi-utils	DEBUG	Successfully read XPI database
Unable to read VR Path Registry from C:\Users\dsandadi\AppData\Local\openvr\openvrpaths.vrpath
*** Blocklist::_preloadBlocklistFile: blocklist is disabled
Unable to read VR Path Registry from C:\Users\dsandadi\AppData\Local\openvr\openvrpaths.vrpath

	at org.openqa.selenium.firefox.internal.NewProfileExtensionConnection.start(NewProfileExtensionConnection.java:118)
	... 29 more
... Removed 22 stack frames]]>
    </failure>
  </testcase> <!-- @BeforeTest beforeTest -->
  <testcase classname="exampleclass.NewTest" name="@AfterTest afterTest" time="0.0">
    <skipped/>
  </testcase> <!-- @AfterTest afterTest -->
  <testcase classname="exampleclass.NewTest" name="testEasy" time="0.002">
    <skipped/>
  </testcase> <!-- testEasy -->
</testsuite> <!-- Test -->
