<?xml version="1.0" encoding="UTF-8"?>
<!-- Generated by org.testng.reporters.JUnitXMLReporter -->
<testsuite hostname="DSANDADI-LT" failures="0" tests="3" name="Default test" time="4.748" errors="0" timestamp="27 Mar 2019 16:06:37 GMT">
  <testcase classname="testpackage2.NewTest2" name="a_GetTitle" time="1.946"/>
  <testcase classname="testpackage2.NewTest2" name="b_Fields" time="0.106"/>
  <testcase classname="testpackage2.NewTest2" name="c_Enable" time="0.022"/>
</testsuite> <!-- Default test -->
